08:13:00.973 INFO - Selenium build info: version: '3.5.0', revision: '8def36e068'
08:13:00.973 INFO - Launching a standalone Selenium Server
2017-09-04 08:13:00.997:INFO::main: Logging initialized @284ms to org.seleniumhq.jetty9.util.log.StdErrLog
08:13:01.056 INFO - Driver class not found: com.opera.core.systems.OperaDriver
08:13:01.088 INFO - Driver provider class org.openqa.selenium.ie.InternetExplorerDriver registration is skipped:
 registration capabilities Capabilities [{ensureCleanSession=true, browserName=internet explorer, version=, platform=WINDOWS}] does not match the current platform MAC
08:13:01.088 INFO - Driver provider class org.openqa.selenium.edge.EdgeDriver registration is skipped:
 registration capabilities Capabilities [{browserName=MicrosoftEdge, version=, platform=WINDOWS}] does not match the current platform MAC
08:13:01.127 INFO - Using the passthrough mode handler
2017-09-04 08:13:01.154:INFO:osjs.Server:main: jetty-9.4.5.v20170502
2017-09-04 08:13:01.182:WARN:osjs.SecurityHandler:main: ServletContext@o.s.j.s.ServletContextHandler@185d8b6{/,null,STARTING} has uncovered http methods for path: /
2017-09-04 08:13:01.187:INFO:osjsh.ContextHandler:main: Started o.s.j.s.ServletContextHandler@185d8b6{/,null,AVAILABLE}
2017-09-04 08:13:01.213:INFO:osjs.AbstractConnector:main: Started ServerConnector@30b8a058{HTTP/1.1,[http/1.1]}{0.0.0.0:4444}
2017-09-04 08:13:01.214:INFO:osjs.Server:main: Started @500ms
08:13:01.214 INFO - Selenium Server is up and running
2017-09-04 08:13:01.915:INFO:osjshC.ROOT:qtp380894366-10: org.openqa.selenium.remote.server.WebDriverServlet-14acaea5: Initialising WebDriverServlet
08:13:01.969 INFO - Binding default provider to: org.openqa.selenium.chrome.ChromeDriverService
08:13:01.970 INFO - Found handler: org.openqa.selenium.remote.server.BeginSession@76ad3940
08:13:01.974 INFO - /session: Executing POST on /session (handler: BeginSession)
08:13:01.997 INFO - Capabilities are: Capabilities {acceptSslCerts=true, name=User, browserName=chrome, javascriptEnabled=true, platformName=ANY, platform=ANY, }
08:13:01.999 INFO - Capabilities {acceptSslCerts=true, name=User, browserName=chrome, javascriptEnabled=true, platformName=ANY, platform=ANY, } matched class org.openqa.selenium.remote.server.ServicedSession$Factory (provider: org.openqa.selenium.chrome.ChromeDriverService)
08:13:01.999 INFO - Capabilities {acceptSslCerts=true, name=User, browserName=chrome, javascriptEnabled=true, platformName=ANY, platform=ANY, } matched class org.openqa.selenium.remote.server.ServicedSession$Factory (provider: org.openqa.selenium.chrome.ChromeDriverService)
